app/build/intermediates/manifest_merge_blame_file/debug/processDebugMainManifest/manifest-merger-blame-debug-report.txt
1<?xml version="1.0" encoding="utf-8"?>
2<manifest xmlns:android="http://schemas.android.com/apk/res/android"
3    package="com.screenlock.floatbutton"
4    android:versionCode="1"
5    android:versionName="1.0" >
6
7    <uses-sdk
7-->INJECTED
8        android:minSdkVersion="26"
8-->INJECTED
9        android:targetSdkVersion="34" />
9-->INJECTED
10
11    <uses-permission android:name="android.permission.SYSTEM_ALERT_WINDOW" />
11-->src/main/AndroidManifest.xml:4:5-78
11-->src/main/AndroidManifest.xml:4:22-75
12    <uses-permission android:name="android.permission.FOREGROUND_SERVICE" />
12-->src/main/AndroidManifest.xml:5:5-77
12-->src/main/AndroidManifest.xml:5:22-74
13    <uses-permission android:name="android.permission.RECEIVE_BOOT_COMPLETED" />
13-->src/main/AndroidManifest.xml:6:5-81
13-->src/main/AndroidManifest.xml:6:22-78
14    <uses-permission android:name="android.permission.BIND_DEVICE_ADMIN" />
14-->src/main/AndroidManifest.xml:7:5-76
14-->src/main/AndroidManifest.xml:7:22-73
15    <uses-permission android:name="android.permission.VIBRATE" />
15-->src/main/AndroidManifest.xml:8:5-66
15-->src/main/AndroidManifest.xml:8:22-63
16    <uses-permission android:name="android.permission.FOREGROUND_SERVICE_SPECIAL_USE" />
16-->src/main/AndroidManifest.xml:9:5-89
16-->src/main/AndroidManifest.xml:9:22-86
17
18    <permission
18-->[androidx.core:core:1.12.0] AndroidManifest.xml:22:5-24:47
19        android:name="com.screenlock.floatbutton.DYNAMIC_RECEIVER_NOT_EXPORTED_PERMISSION"
19-->[androidx.core:core:1.12.0] AndroidManifest.xml:23:9-81
20        android:protectionLevel="signature" />
20-->[androidx.core:core:1.12.0] AndroidManifest.xml:24:9-44
21
22    <uses-permission android:name="com.screenlock.floatbutton.DYNAMIC_RECEIVER_NOT_EXPORTED_PERMISSION" />
22-->[androidx.core:core:1.12.0] AndroidManifest.xml:26:5-97
22-->[androidx.core:core:1.12.0] AndroidManifest.xml:26:22-94
23
24    <application
24-->src/main/AndroidManifest.xml:11:5-66:19
25        android:allowBackup="true"
25-->src/main/AndroidManifest.xml:12:9-35
26        android:appComponentFactory="androidx.core.app.CoreComponentFactory"
26-->[androidx.core:core:1.12.0] AndroidManifest.xml:28:18-86
27        android:debuggable="true"
28        android:extractNativeLibs="false"
28-->INJECTED
29        android:icon="@drawable/app_icon"
29-->src/main/AndroidManifest.xml:13:9-42
30        android:label="@string/app_name"
30-->src/main/AndroidManifest.xml:14:9-41
31        android:testOnly="true"
32        android:theme="@style/AppTheme" >
32-->src/main/AndroidManifest.xml:15:9-40
33        <activity
33-->src/main/AndroidManifest.xml:17:9-25:20
34            android:name="com.screenlock.floatbutton.MainActivity"
34-->src/main/AndroidManifest.xml:18:13-41
35            android:exported="true"
35-->src/main/AndroidManifest.xml:19:13-36
36            android:label="@string/app_name" >
36-->src/main/AndroidManifest.xml:20:13-45
37            <intent-filter>
37-->src/main/AndroidManifest.xml:21:13-24:29
38                <action android:name="android.intent.action.MAIN" />
38-->src/main/AndroidManifest.xml:22:17-69
38-->src/main/AndroidManifest.xml:22:25-66
39
40                <category android:name="android.intent.category.LAUNCHER" />
40-->src/main/AndroidManifest.xml:23:17-77
40-->src/main/AndroidManifest.xml:23:27-74
41            </intent-filter>
42        </activity>
43
44        <service
44-->src/main/AndroidManifest.xml:27:9-30:58
45            android:name="com.screenlock.floatbutton.FloatingButtonService"
45-->src/main/AndroidManifest.xml:28:13-50
46            android:exported="false"
46-->src/main/AndroidManifest.xml:29:13-37
47            android:foregroundServiceType="specialUse" />
47-->src/main/AndroidManifest.xml:30:13-55
48
49        <receiver
49-->src/main/AndroidManifest.xml:32:9-42:20
50            android:name="com.screenlock.floatbutton.AdminReceiver"
50-->src/main/AndroidManifest.xml:33:13-42
51            android:exported="true"
51-->src/main/AndroidManifest.xml:34:13-36
52            android:permission="android.permission.BIND_DEVICE_ADMIN" >
52-->src/main/AndroidManifest.xml:35:13-70
53            <meta-data
53-->src/main/AndroidManifest.xml:36:13-38:56
54                android:name="android.app.device_admin"
54-->src/main/AndroidManifest.xml:37:17-56
55                android:resource="@xml/device_admin" />
55-->src/main/AndroidManifest.xml:38:17-53
56
57            <intent-filter>
57-->src/main/AndroidManifest.xml:39:13-41:29
58                <action android:name="android.app.action.DEVICE_ADMIN_ENABLED" />
58-->src/main/AndroidManifest.xml:40:17-82
58-->src/main/AndroidManifest.xml:40:25-79
59            </intent-filter>
60        </receiver>
61        <receiver
61-->src/main/AndroidManifest.xml:44:9-51:20
62            android:name="com.screenlock.floatbutton.BootReceiver"
62-->src/main/AndroidManifest.xml:45:13-41
63            android:exported="true" >
63-->src/main/AndroidManifest.xml:46:13-36
64            <intent-filter>
64-->src/main/AndroidManifest.xml:47:13-50:29
65                <action android:name="android.intent.action.BOOT_COMPLETED" />
65-->src/main/AndroidManifest.xml:48:17-79
65-->src/main/AndroidManifest.xml:48:25-76
66
67                <category android:name="android.intent.category.DEFAULT" />
67-->src/main/AndroidManifest.xml:49:17-76
67-->src/main/AndroidManifest.xml:49:27-73
68            </intent-filter>
69        </receiver>
70
71        <service
71-->src/main/AndroidManifest.xml:53:9-64:19
72            android:name="com.screenlock.floatbutton.ScreenLockAccessibilityService"
72-->src/main/AndroidManifest.xml:54:13-59
73            android:exported="true"
73-->src/main/AndroidManifest.xml:55:13-36
74            android:label="Screen Lock Button Service"
74-->src/main/AndroidManifest.xml:56:13-55
75            android:permission="android.permission.BIND_ACCESSIBILITY_SERVICE" >
75-->src/main/AndroidManifest.xml:57:13-79
76            <intent-filter>
76-->src/main/AndroidManifest.xml:58:13-60:29
77                <action android:name="android.accessibilityservice.AccessibilityService" />
77-->src/main/AndroidManifest.xml:59:17-92
77-->src/main/AndroidManifest.xml:59:25-89
78            </intent-filter>
79
80            <meta-data
80-->src/main/AndroidManifest.xml:61:13-63:72
81                android:name="android.accessibilityservice"
81-->src/main/AndroidManifest.xml:62:17-60
82                android:resource="@xml/accessibility_service_config" />
82-->src/main/AndroidManifest.xml:63:17-69
83        </service>
84
85        <provider
85-->[androidx.emoji2:emoji2:1.2.0] AndroidManifest.xml:24:9-32:20
86            android:name="androidx.startup.InitializationProvider"
86-->[androidx.emoji2:emoji2:1.2.0] AndroidManifest.xml:25:13-67
87            android:authorities="com.screenlock.floatbutton.androidx-startup"
87-->[androidx.emoji2:emoji2:1.2.0] AndroidManifest.xml:26:13-68
88            android:exported="false" >
88-->[androidx.emoji2:emoji2:1.2.0] AndroidManifest.xml:27:13-37
89            <meta-data
89-->[androidx.emoji2:emoji2:1.2.0] AndroidManifest.xml:29:13-31:52
90                android:name="androidx.emoji2.text.EmojiCompatInitializer"
90-->[androidx.emoji2:emoji2:1.2.0] AndroidManifest.xml:30:17-75
91                android:value="androidx.startup" />
91-->[androidx.emoji2:emoji2:1.2.0] AndroidManifest.xml:31:17-49
92            <meta-data
92-->[androidx.lifecycle:lifecycle-process:2.4.1] AndroidManifest.xml:31:13-33:52
93                android:name="androidx.lifecycle.ProcessLifecycleInitializer"
93-->[androidx.lifecycle:lifecycle-process:2.4.1] AndroidManifest.xml:32:17-78
94                android:value="androidx.startup" />
94-->[androidx.lifecycle:lifecycle-process:2.4.1] AndroidManifest.xml:33:17-49
95        </provider>
96    </application>
97
98</manifest>